<?xml version="1.0" encoding="UTF-8"?>
<testsuite name="SILab2Test" tests="2" skipped="0" failures="0" errors="0" timestamp="2023-05-31T10:18:46" hostname="DESKTOP-5QDA9OK" time="0.019">
  <properties/>
  <testcase name="multipleConditionsTest()" classname="SILab2Test" time="0.017"/>
  <testcase name="function()" classname="SILab2Test" time="0.001"/>
  <system-out><![CDATA[]]></system-out>
  <system-err><![CDATA[]]></system-err>
</testsuite>
